<?xml version="1.0" encoding="utf-8"?>
<!DOCTYPE coverage SYSTEM "http://cobertura.sourceforge.net/xml/coverage-04.dtd">
<coverage line-rate="0.970464135021097" branch-rate="0.976190476190476" lines-covered="230" lines-valid="237" branches-covered="41" branches-valid="42" complexity="68" version="0" timestamp="1712660085">
  <sources>
    <source>C:\</source>
  </sources>
  <packages>
    <package name="Car" line-rate="0.961165048543689" branch-rate="0.976190476190476" complexity="47">
      <classes>
        <class name="CarNS.Car" filename="C:\projects\university\quality_сontrol\lab6\Car\Car.cs" line-rate="0.961165048543689" branch-rate="0.976190476190476" complexity="47">
          <methods>
            <method name="IsSwitchedOnEngine" signature="()" line-rate="1" branch-rate="1" complexity="1">
              <lines>
                <line number="54" hits="6" branch="false" />
                <line number="55" hits="6" branch="false" />
                <line number="56" hits="6" branch="false" />
              </lines>
            </method>
            <method name="GetDirection" signature="()" line-rate="0.8" branch-rate="0.75" complexity="4">
              <lines>
                <line number="59" hits="2" branch="false" />
                <line number="60" hits="2" branch="true" condition-coverage="100% (2/2)" />
                <line number="61" hits="1" branch="false" />
                <line number="62" hits="1" branch="false" />
                <line number="64" hits="1" branch="true" condition-coverage="50% (1/2)" />
                <line number="65" hits="1" branch="false" />
                <line number="66" hits="1" branch="false" />
                <line number="69" hits="0" branch="false" />
                <line number="70" hits="0" branch="false" />
                <line number="72" hits="2" branch="false" />
              </lines>
            </method>
            <method name="GetGear" signature="()" line-rate="1" branch-rate="1" complexity="1">
              <lines>
                <line number="75" hits="8" branch="false" />
                <line number="76" hits="8" branch="false" />
                <line number="77" hits="8" branch="false" />
              </lines>
            </method>
            <method name="GetSpeed" signature="()" line-rate="1" branch-rate="1" complexity="1">
              <lines>
                <line number="80" hits="8" branch="false" />
                <line number="81" hits="8" branch="false" />
                <line number="82" hits="8" branch="false" />
              </lines>
            </method>
            <method name="SwitchOnEngine" signature="()" line-rate="1" branch-rate="1" complexity="2">
              <lines>
                <line number="85" hits="18" branch="false" />
                <line number="86" hits="18" branch="true" condition-coverage="100% (2/2)" />
                <line number="87" hits="1" branch="false" />
                <line number="88" hits="1" branch="false" />
                <line number="89" hits="1" branch="false" />
                <line number="91" hits="17" branch="false" />
                <line number="92" hits="17" branch="false" />
                <line number="93" hits="17" branch="false" />
                <line number="94" hits="17" branch="false" />
                <line number="95" hits="18" branch="false" />
                <line number="96" hits="18" branch="false" />
              </lines>
            </method>
            <method name="SwitchOffEngine" signature="()" line-rate="1" branch-rate="1" complexity="6">
              <lines>
                <line number="99" hits="3" branch="false" />
                <line number="100" hits="3" branch="true" condition-coverage="100% (2/2)" />
                <line number="101" hits="3" branch="false" />
                <line number="102" hits="3" branch="true" condition-coverage="100% (4/4)" />
                <line number="103" hits="1" branch="false" />
                <line number="104" hits="1" branch="false" />
                <line number="105" hits="1" branch="false" />
                <line number="106" hits="3" branch="false" />
                <line number="107" hits="3" branch="false" />
                <line number="108" hits="3" branch="false" />
              </lines>
            </method>
            <method name="SetGear" signature="(...)" line-rate="1" branch-rate="1" complexity="20">
              <lines>
                <line number="111" hits="17" branch="false" />
                <line number="112" hits="17" branch="true" condition-coverage="100% (2/2)" />
                <line number="113" hits="1" branch="false" />
                <line number="114" hits="1" branch="false" />
                <line number="115" hits="1" branch="false" />
                <line number="117" hits="16" branch="true" condition-coverage="100% (2/2)" />
                <line number="118" hits="7" branch="false" />
                <line number="119" hits="7" branch="true" condition-coverage="100% (2/2)" />
                <line number="120" hits="1" branch="false" />
                <line number="121" hits="1" branch="false" />
                <line number="123" hits="6" branch="true" condition-coverage="100% (2/2)" />
                <line number="124" hits="1" branch="false" />
                <line number="125" hits="1" branch="false" />
                <line number="126" hits="1" branch="false" />
                <line number="128" hits="5" branch="false" />
                <line number="129" hits="14" branch="true" condition-coverage="100% (6/6)" />
                <line number="130" hits="8" branch="false" />
                <line number="131" hits="8" branch="true" condition-coverage="100% (2/2)" />
                <line number="132" hits="1" branch="false" />
                <line number="133" hits="1" branch="false" />
                <line number="134" hits="1" branch="false" />
                <line number="136" hits="7" branch="false" />
                <line number="137" hits="13" branch="true" condition-coverage="100% (4/4)" />
                <line number="138" hits="12" branch="false" />
                <line number="139" hits="12" branch="false" />
                <line number="140" hits="12" branch="false" />
                <line number="142" hits="1" branch="false" />
                <line number="143" hits="1" branch="false" />
                <line number="144" hits="17" branch="false" />
              </lines>
            </method>
            <method name="SetSpeed" signature="(...)" line-rate="1" branch-rate="1" complexity="10">
              <lines>
                <line number="147" hits="10" branch="false" />
                <line number="148" hits="10" branch="true" condition-coverage="100% (2/2)" />
                <line number="149" hits="3" branch="false" />
                <line number="150" hits="3" branch="true" condition-coverage="100% (2/2)" />
                <line number="151" hits="2" branch="false" />
                <line number="152" hits="2" branch="false" />
                <line number="154" hits="1" branch="false" />
                <line number="155" hits="8" branch="true" condition-coverage="100% (4/4)" />
                <line number="156" hits="6" branch="false" />
                <line number="157" hits="6" branch="true" condition-coverage="100% (2/2)" />
                <line number="158" hits="3" branch="false" />
                <line number="159" hits="3" branch="false" />
                <line number="160" hits="3" branch="false" />
                <line number="162" hits="3" branch="false" />
                <line number="163" hits="3" branch="false" />
                <line number="164" hits="3" branch="false" />
                <line number="165" hits="6" branch="false" />
                <line number="167" hits="2" branch="false" />
                <line number="168" hits="10" branch="false" />
              </lines>
            </method>
            <method name="Main" signature="(...)" line-rate="0" branch-rate="1" complexity="1">
              <lines>
                <line number="170" hits="0" branch="false" />
                <line number="171" hits="0" branch="false" />
              </lines>
            </method>
            <method name=".ctor" signature="()" line-rate="1" branch-rate="1" complexity="1">
              <lines>
                <line number="38" hits="20" branch="false" />
                <line number="39" hits="20" branch="false" />
                <line number="40" hits="20" branch="false" />
                <line number="42" hits="20" branch="false" />
                <line number="43" hits="20" branch="false" />
                <line number="44" hits="20" branch="false" />
                <line number="45" hits="20" branch="false" />
                <line number="46" hits="20" branch="false" />
                <line number="47" hits="20" branch="false" />
                <line number="48" hits="20" branch="false" />
                <line number="49" hits="20" branch="false" />
                <line number="50" hits="20" branch="false" />
                <line number="51" hits="20" branch="false" />
              </lines>
            </method>
          </methods>
          <lines>
            <line number="38" hits="20" branch="false" />
            <line number="39" hits="20" branch="false" />
            <line number="40" hits="20" branch="false" />
            <line number="42" hits="20" branch="false" />
            <line number="43" hits="20" branch="false" />
            <line number="44" hits="20" branch="false" />
            <line number="45" hits="20" branch="false" />
            <line number="46" hits="20" branch="false" />
            <line number="47" hits="20" branch="false" />
            <line number="48" hits="20" branch="false" />
            <line number="49" hits="20" branch="false" />
            <line number="50" hits="20" branch="false" />
            <line number="51" hits="20" branch="false" />
            <line number="54" hits="6" branch="false" />
            <line number="55" hits="6" branch="false" />
            <line number="56" hits="6" branch="false" />
            <line number="59" hits="2" branch="false" />
            <line number="60" hits="2" branch="true" condition-coverage="100% (2/2)" />
            <line number="61" hits="1" branch="false" />
            <line number="62" hits="1" branch="false" />
            <line number="64" hits="1" branch="true" condition-coverage="50% (1/2)" />
            <line number="65" hits="1" branch="false" />
            <line number="66" hits="1" branch="false" />
            <line number="69" hits="0" branch="false" />
            <line number="70" hits="0" branch="false" />
            <line number="72" hits="2" branch="false" />
            <line number="75" hits="8" branch="false" />
            <line number="76" hits="8" branch="false" />
            <line number="77" hits="8" branch="false" />
            <line number="80" hits="8" branch="false" />
            <line number="81" hits="8" branch="false" />
            <line number="82" hits="8" branch="false" />
            <line number="85" hits="18" branch="false" />
            <line number="86" hits="18" branch="true" condition-coverage="100% (2/2)" />
            <line number="87" hits="1" branch="false" />
            <line number="88" hits="1" branch="false" />
            <line number="89" hits="1" branch="false" />
            <line number="91" hits="17" branch="false" />
            <line number="92" hits="17" branch="false" />
            <line number="93" hits="17" branch="false" />
            <line number="94" hits="17" branch="false" />
            <line number="95" hits="18" branch="false" />
            <line number="96" hits="18" branch="false" />
            <line number="99" hits="3" branch="false" />
            <line number="100" hits="3" branch="true" condition-coverage="100% (2/2)" />
            <line number="101" hits="3" branch="false" />
            <line number="102" hits="3" branch="true" condition-coverage="100% (4/4)" />
            <line number="103" hits="1" branch="false" />
            <line number="104" hits="1" branch="false" />
            <line number="105" hits="1" branch="false" />
            <line number="106" hits="3" branch="false" />
            <line number="107" hits="3" branch="false" />
            <line number="108" hits="3" branch="false" />
            <line number="111" hits="17" branch="false" />
            <line number="112" hits="17" branch="true" condition-coverage="100% (2/2)" />
            <line number="113" hits="1" branch="false" />
            <line number="114" hits="1" branch="false" />
            <line number="115" hits="1" branch="false" />
            <line number="117" hits="16" branch="true" condition-coverage="100% (2/2)" />
            <line number="118" hits="7" branch="false" />
            <line number="119" hits="7" branch="true" condition-coverage="100% (2/2)" />
            <line number="120" hits="1" branch="false" />
            <line number="121" hits="1" branch="false" />
            <line number="123" hits="6" branch="true" condition-coverage="100% (2/2)" />
            <line number="124" hits="1" branch="false" />
            <line number="125" hits="1" branch="false" />
            <line number="126" hits="1" branch="false" />
            <line number="128" hits="5" branch="false" />
            <line number="129" hits="14" branch="true" condition-coverage="100% (6/6)" />
            <line number="130" hits="8" branch="false" />
            <line number="131" hits="8" branch="true" condition-coverage="100% (2/2)" />
            <line number="132" hits="1" branch="false" />
            <line number="133" hits="1" branch="false" />
            <line number="134" hits="1" branch="false" />
            <line number="136" hits="7" branch="false" />
            <line number="137" hits="13" branch="true" condition-coverage="100% (4/4)" />
            <line number="138" hits="12" branch="false" />
            <line number="139" hits="12" branch="false" />
            <line number="140" hits="12" branch="false" />
            <line number="142" hits="1" branch="false" />
            <line number="143" hits="1" branch="false" />
            <line number="144" hits="17" branch="false" />
            <line number="147" hits="10" branch="false" />
            <line number="148" hits="10" branch="true" condition-coverage="100% (2/2)" />
            <line number="149" hits="3" branch="false" />
            <line number="150" hits="3" branch="true" condition-coverage="100% (2/2)" />
            <line number="151" hits="2" branch="false" />
            <line number="152" hits="2" branch="false" />
            <line number="154" hits="1" branch="false" />
            <line number="155" hits="8" branch="true" condition-coverage="100% (4/4)" />
            <line number="156" hits="6" branch="false" />
            <line number="157" hits="6" branch="true" condition-coverage="100% (2/2)" />
            <line number="158" hits="3" branch="false" />
            <line number="159" hits="3" branch="false" />
            <line number="160" hits="3" branch="false" />
            <line number="162" hits="3" branch="false" />
            <line number="163" hits="3" branch="false" />
            <line number="164" hits="3" branch="false" />
            <line number="165" hits="6" branch="false" />
            <line number="167" hits="2" branch="false" />
            <line number="168" hits="10" branch="false" />
            <line number="170" hits="0" branch="false" />
            <line number="171" hits="0" branch="false" />
          </lines>
        </class>
      </classes>
    </package>
    <package name="CarTests" line-rate="0.977611940298508" branch-rate="1" complexity="21">
      <classes>
        <class name="AutoGeneratedProgram" filename="C:\Users\funny\.nuget\packages\microsoft.net.test.sdk\17.6.0\build\netcoreapp3.1\Microsoft.NET.Test.Sdk.Program.cs" line-rate="0" branch-rate="1" complexity="1">
          <methods>
            <method name="Main" signature="(...)" line-rate="0" branch-rate="1" complexity="1">
              <lines>
                <line number="4" hits="0" branch="false" />
              </lines>
            </method>
          </methods>
          <lines>
            <line number="4" hits="0" branch="false" />
          </lines>
        </class>
        <class name="CarTests.CarTests" filename="C:\projects\university\quality_сontrol\lab6\CarTests\CarTests.cs" line-rate="0.984962406015038" branch-rate="1" complexity="20">
          <methods>
            <method name="Get_Start_Values_Of_Car" signature="()" line-rate="1" branch-rate="1" complexity="1">
              <lines>
                <line number="10" hits="1" branch="false" />
                <line number="12" hits="1" branch="false" />
                <line number="17" hits="1" branch="false" />
                <line number="18" hits="1" branch="false" />
                <line number="19" hits="1" branch="false" />
                <line number="20" hits="1" branch="false" />
                <line number="21" hits="1" branch="false" />
              </lines>
            </method>
            <method name="Switching_Engine_On_When_Engine_Is_Off" signature="()" line-rate="1" branch-rate="1" complexity="1">
              <lines>
                <line number="25" hits="1" branch="false" />
                <line number="27" hits="1" branch="false" />
                <line number="30" hits="1" branch="false" />
                <line number="33" hits="1" branch="false" />
                <line number="34" hits="1" branch="false" />
              </lines>
            </method>
            <method name="Switching_Engine_On_When_Engine_Is_On" signature="()" line-rate="1" branch-rate="1" complexity="1">
              <lines>
                <line number="38" hits="1" branch="false" />
                <line number="40" hits="1" branch="false" />
                <line number="41" hits="1" branch="false" />
                <line number="44" hits="1" branch="false" />
                <line number="47" hits="1" branch="false" />
                <line number="48" hits="1" branch="false" />
              </lines>
            </method>
            <method name="Switching_Engine_Off_When_Engine_Is_On" signature="()" line-rate="1" branch-rate="1" complexity="1">
              <lines>
                <line number="52" hits="1" branch="false" />
                <line number="54" hits="1" branch="false" />
                <line number="55" hits="1" branch="false" />
                <line number="58" hits="1" branch="false" />
                <line number="61" hits="1" branch="false" />
                <line number="62" hits="1" branch="false" />
              </lines>
            </method>
            <method name="Switching_Engine_Off_When_Engine_Is_On_And_Gear_Isnot_N" signature="()" line-rate="1" branch-rate="1" complexity="1">
              <lines>
                <line number="66" hits="1" branch="false" />
                <line number="68" hits="1" branch="false" />
                <line number="69" hits="1" branch="false" />
                <line number="70" hits="1" branch="false" />
                <line number="73" hits="1" branch="false" />
                <line number="76" hits="1" branch="false" />
                <line number="77" hits="1" branch="false" />
              </lines>
            </method>
            <method name="Switching_Engine_Off_When_Engine_Is_On_And_Speed_Isnot_Zero_And_Gear_Isnot_N" signature="()" line-rate="1" branch-rate="1" complexity="1">
              <lines>
                <line number="81" hits="1" branch="false" />
                <line number="83" hits="1" branch="false" />
                <line number="84" hits="1" branch="false" />
                <line number="85" hits="1" branch="false" />
                <line number="86" hits="1" branch="false" />
                <line number="89" hits="1" branch="false" />
                <line number="92" hits="1" branch="false" />
                <line number="93" hits="1" branch="false" />
              </lines>
            </method>
            <method name="Set_Gear_R_When_Engine_Off" signature="()" line-rate="1" branch-rate="1" complexity="1">
              <lines>
                <line number="97" hits="1" branch="false" />
                <line number="99" hits="1" branch="false" />
                <line number="102" hits="1" branch="false" />
                <line number="105" hits="1" branch="false" />
                <line number="106" hits="1" branch="false" />
              </lines>
            </method>
            <method name="Set_Gear_1_When_Engine_On" signature="()" line-rate="1" branch-rate="1" complexity="1">
              <lines>
                <line number="110" hits="1" branch="false" />
                <line number="112" hits="1" branch="false" />
                <line number="113" hits="1" branch="false" />
                <line number="116" hits="1" branch="false" />
                <line number="119" hits="1" branch="false" />
                <line number="120" hits="1" branch="false" />
              </lines>
            </method>
            <method name="Set_Gear_2_When_Engine_On_And_Speed_Isnot_In_Interval_Of_2_Gear" signature="()" line-rate="1" branch-rate="1" complexity="1">
              <lines>
                <line number="124" hits="1" branch="false" />
                <line number="126" hits="1" branch="false" />
                <line number="127" hits="1" branch="false" />
                <line number="130" hits="1" branch="false" />
                <line number="133" hits="1" branch="false" />
                <line number="134" hits="1" branch="false" />
              </lines>
            </method>
            <method name="Set_Gear_R_When_Engine_On_And_Speed_Is_Zero" signature="()" line-rate="1" branch-rate="1" complexity="1">
              <lines>
                <line number="138" hits="1" branch="false" />
                <line number="140" hits="1" branch="false" />
                <line number="141" hits="1" branch="false" />
                <line number="144" hits="1" branch="false" />
                <line number="147" hits="1" branch="false" />
                <line number="148" hits="1" branch="false" />
              </lines>
            </method>
            <method name="Set_Gear_R_When_Engine_Off_And_Speed_Isnot_Zero" signature="()" line-rate="1" branch-rate="1" complexity="1">
              <lines>
                <line number="152" hits="1" branch="false" />
                <line number="154" hits="1" branch="false" />
                <line number="155" hits="1" branch="false" />
                <line number="156" hits="1" branch="false" />
                <line number="157" hits="1" branch="false" />
                <line number="158" hits="1" branch="false" />
                <line number="160" hits="1" branch="false" />
                <line number="163" hits="1" branch="false" />
                <line number="164" hits="1" branch="false" />
              </lines>
            </method>
            <method name="Set_Gear_1_From_R_Gear_When_Engine_On_And_Speed_Isnot_Zero" signature="()" line-rate="1" branch-rate="1" complexity="1">
              <lines>
                <line number="168" hits="1" branch="false" />
                <line number="170" hits="1" branch="false" />
                <line number="171" hits="1" branch="false" />
                <line number="172" hits="1" branch="false" />
                <line number="173" hits="1" branch="false" />
                <line number="176" hits="1" branch="false" />
                <line number="179" hits="1" branch="false" />
                <line number="180" hits="1" branch="false" />
              </lines>
            </method>
            <method name="Set_Gear_R_When_Engine_On_Speed_Zero_And_Gear_Already_R" signature="()" line-rate="1" branch-rate="1" complexity="1">
              <lines>
                <line number="184" hits="1" branch="false" />
                <line number="186" hits="1" branch="false" />
                <line number="187" hits="1" branch="false" />
                <line number="188" hits="1" branch="false" />
                <line number="190" hits="1" branch="false" />
                <line number="193" hits="1" branch="false" />
                <line number="194" hits="1" branch="false" />
              </lines>
            </method>
            <method name="Set_Speed_When_Engin_Is_Off" signature="()" line-rate="1" branch-rate="1" complexity="1">
              <lines>
                <line number="199" hits="1" branch="false" />
                <line number="201" hits="1" branch="false" />
                <line number="204" hits="1" branch="false" />
                <line number="207" hits="1" branch="false" />
                <line number="208" hits="1" branch="false" />
              </lines>
            </method>
            <method name="Set_Speed_When_Engin_Is_On_With_Zero_Gear" signature="()" line-rate="1" branch-rate="1" complexity="1">
              <lines>
                <line number="212" hits="1" branch="false" />
                <line number="214" hits="1" branch="false" />
                <line number="215" hits="1" branch="false" />
                <line number="218" hits="1" branch="false" />
                <line number="221" hits="1" branch="false" />
                <line number="222" hits="1" branch="false" />
              </lines>
            </method>
            <method name="Set_Speed_Which_In_Interval_Of_1_Gear_When_Engin_Is_On" signature="()" line-rate="1" branch-rate="1" complexity="1">
              <lines>
                <line number="226" hits="1" branch="false" />
                <line number="228" hits="1" branch="false" />
                <line number="229" hits="1" branch="false" />
                <line number="230" hits="1" branch="false" />
                <line number="233" hits="1" branch="false" />
                <line number="236" hits="1" branch="false" />
                <line number="237" hits="1" branch="false" />
                <line number="238" hits="1" branch="false" />
              </lines>
            </method>
            <method name="Set_Speed_Which_Is_More_Than_Interval_Of_1_Gear_When_Engin_Is_On" signature="()" line-rate="1" branch-rate="1" complexity="1">
              <lines>
                <line number="242" hits="1" branch="false" />
                <line number="244" hits="1" branch="false" />
                <line number="245" hits="1" branch="false" />
                <line number="246" hits="1" branch="false" />
                <line number="249" hits="1" branch="false" />
                <line number="252" hits="1" branch="false" />
                <line number="253" hits="1" branch="false" />
              </lines>
            </method>
            <method name="Set_Speed_Which_Is_Less_Than_Interval_Of_1_Gear_When_Engin_Is_On" signature="()" line-rate="1" branch-rate="1" complexity="1">
              <lines>
                <line number="257" hits="1" branch="false" />
                <line number="259" hits="1" branch="false" />
                <line number="260" hits="1" branch="false" />
                <line number="261" hits="1" branch="false" />
                <line number="264" hits="1" branch="false" />
                <line number="267" hits="1" branch="false" />
                <line number="268" hits="1" branch="false" />
              </lines>
            </method>
            <method name="Set_Speed_Which_In_Interval_Of_R_Gear_When_Engin_Is_On" signature="()" line-rate="0.75" branch-rate="1" complexity="1">
              <lines>
                <line number="272" hits="1" branch="false" />
                <line number="274" hits="1" branch="false" />
                <line number="275" hits="1" branch="false" />
                <line number="276" hits="1" branch="false" />
                <line number="279" hits="1" branch="false" />
                <line number="282" hits="1" branch="false" />
                <line number="283" hits="0" branch="false" />
                <line number="285" hits="0" branch="false" />
              </lines>
            </method>
            <method name="Set_Speed_Which_In_Interval_Of_N_Gear_When_Engin_Is_On" signature="()" line-rate="1" branch-rate="1" complexity="1">
              <lines>
                <line number="289" hits="1" branch="false" />
                <line number="291" hits="1" branch="false" />
                <line number="292" hits="1" branch="false" />
                <line number="295" hits="1" branch="false" />
                <line number="298" hits="1" branch="false" />
                <line number="300" hits="1" branch="false" />
              </lines>
            </method>
          </methods>
          <lines>
            <line number="10" hits="1" branch="false" />
            <line number="12" hits="1" branch="false" />
            <line number="17" hits="1" branch="false" />
            <line number="18" hits="1" branch="false" />
            <line number="19" hits="1" branch="false" />
            <line number="20" hits="1" branch="false" />
            <line number="21" hits="1" branch="false" />
            <line number="25" hits="1" branch="false" />
            <line number="27" hits="1" branch="false" />
            <line number="30" hits="1" branch="false" />
            <line number="33" hits="1" branch="false" />
            <line number="34" hits="1" branch="false" />
            <line number="38" hits="1" branch="false" />
            <line number="40" hits="1" branch="false" />
            <line number="41" hits="1" branch="false" />
            <line number="44" hits="1" branch="false" />
            <line number="47" hits="1" branch="false" />
            <line number="48" hits="1" branch="false" />
            <line number="52" hits="1" branch="false" />
            <line number="54" hits="1" branch="false" />
            <line number="55" hits="1" branch="false" />
            <line number="58" hits="1" branch="false" />
            <line number="61" hits="1" branch="false" />
            <line number="62" hits="1" branch="false" />
            <line number="66" hits="1" branch="false" />
            <line number="68" hits="1" branch="false" />
            <line number="69" hits="1" branch="false" />
            <line number="70" hits="1" branch="false" />
            <line number="73" hits="1" branch="false" />
            <line number="76" hits="1" branch="false" />
            <line number="77" hits="1" branch="false" />
            <line number="81" hits="1" branch="false" />
            <line number="83" hits="1" branch="false" />
            <line number="84" hits="1" branch="false" />
            <line number="85" hits="1" branch="false" />
            <line number="86" hits="1" branch="false" />
            <line number="89" hits="1" branch="false" />
            <line number="92" hits="1" branch="false" />
            <line number="93" hits="1" branch="false" />
            <line number="97" hits="1" branch="false" />
            <line number="99" hits="1" branch="false" />
            <line number="102" hits="1" branch="false" />
            <line number="105" hits="1" branch="false" />
            <line number="106" hits="1" branch="false" />
            <line number="110" hits="1" branch="false" />
            <line number="112" hits="1" branch="false" />
            <line number="113" hits="1" branch="false" />
            <line number="116" hits="1" branch="false" />
            <line number="119" hits="1" branch="false" />
            <line number="120" hits="1" branch="false" />
            <line number="124" hits="1" branch="false" />
            <line number="126" hits="1" branch="false" />
            <line number="127" hits="1" branch="false" />
            <line number="130" hits="1" branch="false" />
            <line number="133" hits="1" branch="false" />
            <line number="134" hits="1" branch="false" />
            <line number="138" hits="1" branch="false" />
            <line number="140" hits="1" branch="false" />
            <line number="141" hits="1" branch="false" />
            <line number="144" hits="1" branch="false" />
            <line number="147" hits="1" branch="false" />
            <line number="148" hits="1" branch="false" />
            <line number="152" hits="1" branch="false" />
            <line number="154" hits="1" branch="false" />
            <line number="155" hits="1" branch="false" />
            <line number="156" hits="1" branch="false" />
            <line number="157" hits="1" branch="false" />
            <line number="158" hits="1" branch="false" />
            <line number="160" hits="1" branch="false" />
            <line number="163" hits="1" branch="false" />
            <line number="164" hits="1" branch="false" />
            <line number="168" hits="1" branch="false" />
            <line number="170" hits="1" branch="false" />
            <line number="171" hits="1" branch="false" />
            <line number="172" hits="1" branch="false" />
            <line number="173" hits="1" branch="false" />
            <line number="176" hits="1" branch="false" />
            <line number="179" hits="1" branch="false" />
            <line number="180" hits="1" branch="false" />
            <line number="184" hits="1" branch="false" />
            <line number="186" hits="1" branch="false" />
            <line number="187" hits="1" branch="false" />
            <line number="188" hits="1" branch="false" />
            <line number="190" hits="1" branch="false" />
            <line number="193" hits="1" branch="false" />
            <line number="194" hits="1" branch="false" />
            <line number="199" hits="1" branch="false" />
            <line number="201" hits="1" branch="false" />
            <line number="204" hits="1" branch="false" />
            <line number="207" hits="1" branch="false" />
            <line number="208" hits="1" branch="false" />
            <line number="212" hits="1" branch="false" />
            <line number="214" hits="1" branch="false" />
            <line number="215" hits="1" branch="false" />
            <line number="218" hits="1" branch="false" />
            <line number="221" hits="1" branch="false" />
            <line number="222" hits="1" branch="false" />
            <line number="226" hits="1" branch="false" />
            <line number="228" hits="1" branch="false" />
            <line number="229" hits="1" branch="false" />
            <line number="230" hits="1" branch="false" />
            <line number="233" hits="1" branch="false" />
            <line number="236" hits="1" branch="false" />
            <line number="237" hits="1" branch="false" />
            <line number="238" hits="1" branch="false" />
            <line number="242" hits="1" branch="false" />
            <line number="244" hits="1" branch="false" />
            <line number="245" hits="1" branch="false" />
            <line number="246" hits="1" branch="false" />
            <line number="249" hits="1" branch="false" />
            <line number="252" hits="1" branch="false" />
            <line number="253" hits="1" branch="false" />
            <line number="257" hits="1" branch="false" />
            <line number="259" hits="1" branch="false" />
            <line number="260" hits="1" branch="false" />
            <line number="261" hits="1" branch="false" />
            <line number="264" hits="1" branch="false" />
            <line number="267" hits="1" branch="false" />
            <line number="268" hits="1" branch="false" />
            <line number="272" hits="1" branch="false" />
            <line number="274" hits="1" branch="false" />
            <line number="275" hits="1" branch="false" />
            <line number="276" hits="1" branch="false" />
            <line number="279" hits="1" branch="false" />
            <line number="282" hits="1" branch="false" />
            <line number="283" hits="0" branch="false" />
            <line number="285" hits="0" branch="false" />
            <line number="289" hits="1" branch="false" />
            <line number="291" hits="1" branch="false" />
            <line number="292" hits="1" branch="false" />
            <line number="295" hits="1" branch="false" />
            <line number="298" hits="1" branch="false" />
            <line number="300" hits="1" branch="false" />
          </lines>
        </class>
      </classes>
    </package>
  </packages>
</coverage>